<?xml version="1.0" encoding="UTF-8"?>
<testsuite name="sesac.mockInvestment.MockInvestmentApplicationTests" tests="1" skipped="0" failures="0" errors="0" timestamp="2023-09-15T10:36:40" hostname="DESKTOP-D8F2SF0" time="0.411">
  <properties/>
  <testcase name="contextLoads()" classname="sesac.mockInvestment.MockInvestmentApplicationTests" time="0.411"/>
  <system-out><![CDATA[19:36:35.571 [Test worker] DEBUG org.springframework.test.context.BootstrapUtils - Instantiating CacheAwareContextLoaderDelegate from class [org.springframework.test.context.cache.DefaultCacheAwareContextLoaderDelegate]
19:36:35.582 [Test worker] DEBUG org.springframework.test.context.BootstrapUtils - Instantiating BootstrapContext using constructor [public org.springframework.test.context.support.DefaultBootstrapContext(java.lang.Class,org.springframework.test.context.CacheAwareContextLoaderDelegate)]
19:36:35.619 [Test worker] DEBUG org.springframework.test.context.BootstrapUtils - Instantiating TestContextBootstrapper for test class [sesac.mockInvestment.MockInvestmentApplicationTests] from class [org.springframework.boot.test.context.SpringBootTestContextBootstrapper]
19:36:35.632 [Test worker] INFO org.springframework.boot.test.context.SpringBootTestContextBootstrapper - Neither @ContextConfiguration nor @ContextHierarchy found for test class [sesac.mockInvestment.MockInvestmentApplicationTests], using SpringBootContextLoader
19:36:35.637 [Test worker] DEBUG org.springframework.test.context.support.AbstractContextLoader - Did not detect default resource location for test class [sesac.mockInvestment.MockInvestmentApplicationTests]: class path resource [sesac/mockInvestment/MockInvestmentApplicationTests-context.xml] does not exist
19:36:35.637 [Test worker] DEBUG org.springframework.test.context.support.AbstractContextLoader - Did not detect default resource location for test class [sesac.mockInvestment.MockInvestmentApplicationTests]: class path resource [sesac/mockInvestment/MockInvestmentApplicationTestsContext.groovy] does not exist
19:36:35.637 [Test worker] INFO org.springframework.test.context.support.AbstractContextLoader - Could not detect default resource locations for test class [sesac.mockInvestment.MockInvestmentApplicationTests]: no resource found for suffixes {-context.xml, Context.groovy}.
19:36:35.638 [Test worker] INFO org.springframework.test.context.support.AnnotationConfigContextLoaderUtils - Could not detect default configuration classes for test class [sesac.mockInvestment.MockInvestmentApplicationTests]: MockInvestmentApplicationTests does not declare any static, non-private, non-final, nested classes annotated with @Configuration.
19:36:35.702 [Test worker] DEBUG org.springframework.test.context.support.ActiveProfilesUtils - Could not find an 'annotation declaring class' for annotation type [org.springframework.test.context.ActiveProfiles] and class [sesac.mockInvestment.MockInvestmentApplicationTests]
19:36:35.778 [Test worker] DEBUG org.springframework.context.annotation.ClassPathScanningCandidateComponentProvider - Identified candidate component class: file [C:\Users\sHu\Desktop\mockInvestment\build\classes\java\main\sesac\mockInvestment\MockInvestmentApplication.class]
19:36:35.782 [Test worker] INFO org.springframework.boot.test.context.SpringBootTestContextBootstrapper - Found @SpringBootConfiguration sesac.mockInvestment.MockInvestmentApplication for test class sesac.mockInvestment.MockInvestmentApplicationTests
19:36:35.899 [Test worker] DEBUG org.springframework.boot.test.context.SpringBootTestContextBootstrapper - @TestExecutionListeners is not present for class [sesac.mockInvestment.MockInvestmentApplicationTests]: using defaults.
19:36:35.900 [Test worker] INFO org.springframework.boot.test.context.SpringBootTestContextBootstrapper - Loaded default TestExecutionListener class names from location [META-INF/spring.factories]: [org.springframework.boot.test.autoconfigure.restdocs.RestDocsTestExecutionListener, org.springframework.boot.test.autoconfigure.web.client.MockRestServiceServerResetTestExecutionListener, org.springframework.boot.test.autoconfigure.web.servlet.MockMvcPrintOnlyOnFailureTestExecutionListener, org.springframework.boot.test.autoconfigure.web.servlet.WebDriverTestExecutionListener, org.springframework.boot.test.autoconfigure.webservices.client.MockWebServiceServerTestExecutionListener, org.springframework.boot.test.mock.mockito.MockitoTestExecutionListener, org.springframework.boot.test.mock.mockito.ResetMocksTestExecutionListener, org.springframework.test.context.web.ServletTestExecutionListener, org.springframework.test.context.support.DirtiesContextBeforeModesTestExecutionListener, org.springframework.test.context.event.ApplicationEventsTestExecutionListener, org.springframework.test.context.support.DependencyInjectionTestExecutionListener, org.springframework.test.context.support.DirtiesContextTestExecutionListener, org.springframework.test.context.transaction.TransactionalTestExecutionListener, org.springframework.test.context.jdbc.SqlScriptsTestExecutionListener, org.springframework.test.context.event.EventPublishingTestExecutionListener]
19:36:35.917 [Test worker] INFO org.springframework.boot.test.context.SpringBootTestContextBootstrapper - Using TestExecutionListeners: [org.springframework.test.context.web.ServletTestExecutionListener@29b732a2, org.springframework.test.context.support.DirtiesContextBeforeModesTestExecutionListener@1b70203f, org.springframework.test.context.event.ApplicationEventsTestExecutionListener@51671b08, org.springframework.boot.test.mock.mockito.MockitoTestExecutionListener@15051a0, org.springframework.boot.test.autoconfigure.SpringBootDependencyInjectionTestExecutionListener@1162410a, org.springframework.test.context.support.DirtiesContextTestExecutionListener@b09fac1, org.springframework.test.context.transaction.TransactionalTestExecutionListener@62df0ff3, org.springframework.test.context.jdbc.SqlScriptsTestExecutionListener@61019f59, org.springframework.test.context.event.EventPublishingTestExecutionListener@62e8f862, org.springframework.boot.test.autoconfigure.restdocs.RestDocsTestExecutionListener@26f3d90c, org.springframework.boot.test.autoconfigure.web.client.MockRestServiceServerResetTestExecutionListener@3c49fab6, org.springframework.boot.test.autoconfigure.web.servlet.MockMvcPrintOnlyOnFailureTestExecutionListener@515f4131, org.springframework.boot.test.autoconfigure.web.servlet.WebDriverTestExecutionListener@74518890, org.springframework.boot.test.autoconfigure.webservices.client.MockWebServiceServerTestExecutionListener@4c5204af, org.springframework.boot.test.mock.mockito.ResetMocksTestExecutionListener@3f3ddbd9]
19:36:35.921 [Test worker] DEBUG org.springframework.test.context.support.AbstractDirtiesContextTestExecutionListener - Before test class: context [DefaultTestContext@5fa47fea testClass = MockInvestmentApplicationTests, testInstance = [null], testMethod = [null], testException = [null], mergedContextConfiguration = [WebMergedContextConfiguration@2392212b testClass = MockInvestmentApplicationTests, locations = '{}', classes = '{class sesac.mockInvestment.MockInvestmentApplication}', contextInitializerClasses = '[]', activeProfiles = '{}', propertySourceLocations = '{}', propertySourceProperties = '{org.springframework.boot.test.context.SpringBootTestContextBootstrapper=true}', contextCustomizers = set[org.springframework.boot.test.autoconfigure.actuate.metrics.MetricsExportContextCustomizerFactory$DisableMetricExportContextCustomizer@7bc10d84, org.springframework.boot.test.autoconfigure.properties.PropertyMappingContextCustomizer@0, org.springframework.boot.test.autoconfigure.web.servlet.WebDriverContextCustomizerFactory$Customizer@4d098f9b, org.springframework.boot.test.context.filter.ExcludeFilterContextCustomizer@293d0107, org.springframework.boot.test.json.DuplicateJsonObjectContextCustomizerFactory$DuplicateJsonObjectContextCustomizer@74cadd41, org.springframework.boot.test.mock.mockito.MockitoContextCustomizer@0, org.springframework.boot.test.web.client.TestRestTemplateContextCustomizer@292d1c71, org.springframework.boot.test.context.SpringBootTestArgs@1, org.springframework.boot.test.context.SpringBootTestWebEnvironment@125290e5], resourceBasePath = 'src/main/webapp', contextLoader = 'org.springframework.boot.test.context.SpringBootContextLoader', parent = [null]], attributes = map['org.springframework.test.context.web.ServletTestExecutionListener.activateListener' -> true]], class annotated with @DirtiesContext [false] with mode [null].

  .   ____          _            __ _ _
 /\\ / ___'_ __ _ _(_)_ __  __ _ \ \ \ \
( ( )\___ | '_ | '_| | '_ \/ _` | \ \ \ \
 \\/  ___)| |_)| | | | | || (_| |  ) ) ) )
  '  |____| .__|_| |_|_| |_\__, | / / / /
 =========|_|==============|___/=/_/_/_/
 :: Spring Boot ::               (v2.7.15)

2023-09-15 19:36:36.245  INFO 20600 --- [    Test worker] s.m.MockInvestmentApplicationTests       : Starting MockInvestmentApplicationTests using Java 11 on DESKTOP-D8F2SF0 with PID 20600 (started by sHu in C:\Users\sHu\Desktop\mockInvestment)
2023-09-15 19:36:36.246  INFO 20600 --- [    Test worker] s.m.MockInvestmentApplicationTests       : No active profile set, falling back to 1 default profile: "default"
2023-09-15 19:36:37.254  INFO 20600 --- [    Test worker] com.zaxxer.hikari.HikariDataSource       : sesacMySQL - Starting...
2023-09-15 19:36:39.788  INFO 20600 --- [    Test worker] com.zaxxer.hikari.HikariDataSource       : sesacMySQL - Start completed.
2023-09-15 19:36:40.371  INFO 20600 --- [    Test worker] o.s.b.a.w.s.WelcomePageHandlerMapping    : Adding welcome page template: index
2023-09-15 19:36:40.840  INFO 20600 --- [    Test worker] s.m.MockInvestmentApplicationTests       : Started MockInvestmentApplicationTests in 4.886 seconds (JVM running for 6.717)
테스트입니다.
]]></system-out>
  <system-err><![CDATA[]]></system-err>
</testsuite>
